2025-09-02T23:57:06.948Z: === MESSAGE REQUEST ROUTE HIT ===
2025-09-02T23:57:06.950Z: 1. Basic validation - RequestID: 68b7844b9ea041aae86cf4f9, Action: accept, UserID: 68b77d1c4c0b27221ad75b4f
2025-09-02T23:57:06.951Z: 2. ObjectId validation...
2025-09-02T23:57:06.952Z: 3. Finding message request...
2025-09-02T23:57:06.955Z: Message request found: true
2025-09-02T23:57:06.956Z: Request details - Status: pending, Sender: 68af4ecc602366e1bd2d2b3a, Receiver: 68b77d1c4c0b27221ad75b4f
2025-09-02T23:57:06.957Z: 4. Authorization check...
2025-09-02T23:57:06.958Z: 5. Updating basic fields...
2025-09-02T23:57:06.959Z: Converting action: accept to status: accepted
2025-09-02T23:57:06.960Z: 6. Processing accept action...
2025-09-02T23:57:06.961Z: 6a. Checking for existing conversation...
2025-09-02T23:57:06.974Z: Sender ID: 68af4ecc602366e1bd2d2b3a
2025-09-02T23:57:06.975Z: Receiver ID: 68b77d1c4c0b27221ad75b4f
2025-09-02T23:57:06.978Z: Existing conversation (any direction) found: false
2025-09-02T23:57:06.979Z: 6b. Creating new conversation...
2025-09-02T23:57:06.980Z: Creating conversation with participants: [68af4ecc602366e1bd2d2b3a, 68b77d1c4c0b27221ad75b4f]
2025-09-02T23:57:06.987Z: Conversation created successfully with ID: 68b784529ea041aae86cf515
2025-09-02T23:57:06.988Z: 6c. Creating initial message...
2025-09-02T23:57:06.989Z: Message content: hello sir
2025-09-02T23:57:06.996Z: Initial message created successfully with ID: 68b784529ea041aae86cf518
2025-09-02T23:57:06.997Z: 6d. Updating conversation...
2025-09-02T23:57:07.001Z: Conversation updated successfully
2025-09-02T23:57:07.003Z: Set conversation ID in request: 68b784529ea041aae86cf515
2025-09-02T23:57:07.003Z: 7. Saving message request...
2025-09-02T23:57:07.008Z: Message request saved successfully
2025-09-02T23:57:07.010Z: 8. Success - sending response...
2025-09-02T23:57:43.480Z: === MESSAGE REQUEST ROUTE HIT ===
2025-09-02T23:57:43.482Z: 1. Basic validation - RequestID: 68b7846e9ea041aae86cf5d9, Action: accept, UserID: 68b77d1c4c0b27221ad75b4f
2025-09-02T23:57:43.482Z: 2. ObjectId validation...
2025-09-02T23:57:43.483Z: 3. Finding message request...
2025-09-02T23:57:43.487Z: Message request found: true
2025-09-02T23:57:43.489Z: Request details - Status: pending, Sender: 68af5c03ed99e470623b6ed2, Receiver: 68b77d1c4c0b27221ad75b4f
2025-09-02T23:57:43.490Z: 4. Authorization check...
2025-09-02T23:57:43.491Z: 5. Updating basic fields...
2025-09-02T23:57:43.492Z: Converting action: accept to status: accepted
2025-09-02T23:57:43.493Z: 6. Processing accept action...
2025-09-02T23:57:43.493Z: 6a. Checking for existing conversation...
2025-09-02T23:57:43.494Z: Sender ID: 68af5c03ed99e470623b6ed2
2025-09-02T23:57:43.495Z: Receiver ID: 68b77d1c4c0b27221ad75b4f
2025-09-02T23:57:43.498Z: Existing conversation (any direction) found: false
2025-09-02T23:57:43.499Z: 6b. Creating new conversation...
2025-09-02T23:57:43.501Z: Creating conversation with participants: [68af5c03ed99e470623b6ed2, 68b77d1c4c0b27221ad75b4f]
2025-09-02T23:57:43.506Z: Conversation created successfully with ID: 68b784779ea041aae86cf5f2
2025-09-02T23:57:43.507Z: 6c. Creating initial message...
2025-09-02T23:57:43.508Z: Message content: sir chat korte chai
2025-09-02T23:57:43.518Z: Initial message created successfully with ID: 68b784779ea041aae86cf5f5
2025-09-02T23:57:43.519Z: 6d. Updating conversation...
2025-09-02T23:57:43.525Z: Conversation updated successfully
2025-09-02T23:57:43.527Z: Set conversation ID in request: 68b784779ea041aae86cf5f2
2025-09-02T23:57:43.528Z: 7. Saving message request...
2025-09-02T23:57:43.533Z: Message request saved successfully
2025-09-02T23:57:43.534Z: 8. Success - sending response...
2025-09-03T01:02:28.517Z: === MESSAGE REQUEST ROUTE HIT ===
2025-09-03T01:02:28.518Z: 1. Basic validation - RequestID: 68b793a2e67530b439c8c52f, Action: accept, UserID: 68b790d3e67530b439c8b994
2025-09-03T01:02:28.519Z: 2. ObjectId validation...
2025-09-03T01:02:28.520Z: 3. Finding message request...
2025-09-03T01:02:28.524Z: Message request found: true
2025-09-03T01:02:28.525Z: Request details - Status: pending, Sender: 68af4ecc602366e1bd2d2b3a, Receiver: 68b790d3e67530b439c8b994
2025-09-03T01:02:28.526Z: 4. Authorization check...
2025-09-03T01:02:28.527Z: 5. Updating basic fields...
2025-09-03T01:02:28.528Z: Converting action: accept to status: accepted
2025-09-03T01:02:28.529Z: 6. Processing accept action...
2025-09-03T01:02:28.530Z: 6a. Checking for existing conversation...
2025-09-03T01:02:28.530Z: Sender ID: 68af4ecc602366e1bd2d2b3a
2025-09-03T01:02:28.531Z: Receiver ID: 68b790d3e67530b439c8b994
2025-09-03T01:02:28.534Z: Existing conversation (any direction) found: false
2025-09-03T01:02:28.536Z: 6b. Creating new conversation...
2025-09-03T01:02:28.537Z: Creating conversation with participants: [68af4ecc602366e1bd2d2b3a, 68b790d3e67530b439c8b994]
2025-09-03T01:02:28.543Z: Conversation created successfully with ID: 68b793a4e67530b439c8c543
2025-09-03T01:02:28.544Z: 6c. Creating initial message...
2025-09-03T01:02:28.545Z: Message content: hi sir
2025-09-03T01:02:28.552Z: Initial message created successfully with ID: 68b793a4e67530b439c8c546
2025-09-03T01:02:28.553Z: 6d. Updating conversation...
2025-09-03T01:02:28.558Z: Conversation updated successfully
2025-09-03T01:02:28.558Z: Set conversation ID in request: 68b793a4e67530b439c8c543
2025-09-03T01:02:28.559Z: 7. Saving message request...
2025-09-03T01:02:28.562Z: Message request saved successfully
2025-09-03T01:02:28.563Z: 8. Success - sending response...
